<?xml version="1.0" encoding="UTF-8"?><testsuites time="0.067"><testsuite name="Untitled suite in /home/tim/dev/site/test/casper/post-test.js" tests="1" failures="1" errors="0" time="0.034" timestamp="2014-03-12T20:47:13.231Z" package="test/casper/post-test"><testcase name="Error: Cannot find module 'tty'" classname="test/casper/post-test" time="0.034"><failure type="error">Error: Cannot find module 'tty'</failure></testcase><system-out></system-out></testsuite><testsuite name="Untitled suite in /home/tim/dev/site/test/casper/post-test.js" tests="1" failures="1" errors="0" time="0.003" timestamp="2014-03-12T20:47:13.233Z" package="test/casper/post-test"><testcase name="TypeError: '[object Object]' is not a function (evaluating 'require('debug')('superagent')')" classname="test/casper/post-test" time="0.003"><failure type="error">TypeError: '[object Object]' is not a function (evaluating 'require('debug')('superagent')')</failure></testcase><system-out></system-out></testsuite><testsuite name="Untitled suite in /home/tim/dev/site/test/casper/post-test.js" tests="1" failures="1" errors="0" time="0.03" timestamp="2014-03-12T20:47:13.233Z" package="test/casper/post-test"><testcase name="CasperError: Can't find module ../index.js" classname="test/casper/post-test" time="0.03"><failure type="error">CasperError: Can't find module ../index.js</failure></testcase><system-out></system-out></testsuite></testsuites>